Added Component: Designator=B1(BEEP-9.5X5.5)
Added Component: Designator=C1(CAP_0603_FIRE)
Added Component: Designator=C2(CAP+_47UF_FIRE)
Added Component: Designator=C3(CAP_0603_FIRE)
Added Component: Designator=C5(CAP+_47UF_FIRE)
Added Component: Designator=C6(CAP_0603_FIRE)
Added Component: Designator=C7(CAP_0603_FIRE)
Added Component: Designator=C8(CAP_0603_FIRE)
Added Component: Designator=C10(CAP_0603_FIRE)
Added Component: Designator=C11(CAP_0603_FIRE)
Added Component: Designator=C13(CAP_0603_FIRE)
Added Component: Designator=C14(CAP_0603_FIRE)
Added Component: Designator=C15(CAP_0603_FIRE)
Added Component: Designator=D1(LED_Z)
Added Component: Designator=D2(LED_Z)
Added Component: Designator=D3(LED_Z)
Added Component: Designator=D4(LED_Z)
Added Component: Designator=J1(SWD)
Added Component: Designator=J2(5V)
Added Component: Designator=J3(3.3V)
Added Component: Designator=J4(12V)
Added Component: Designator=J5(BOOT)
Added Component: Designator=J6(Hander_20)
Added Component: Designator=J7(Hander_20)
Added Component: Designator=J8(GY)
Added Component: Designator=J9(RFID)
Added Component: Designator=J10(OLED)
Added Component: Designator=J11(HDR1X3)
Added Component: Designator=J12(port_2)
Added Component: Designator=J13(port_2)
Added Component: Designator=J14(port_2)
Added Component: Designator=J15(relay)
Added Component: Designator=J16(port_2)
Added Component: Designator=J17(port_2)
Added Component: Designator=J18(port_2)
Added Component: Designator=J19(relay)
Added Component: Designator=J20(Hander_20)
Added Component: Designator=J21(Hander_20)
Added Component: Designator=J22(relay)
Added Component: Designator=J23(port_2)
Added Component: Designator=L1(L)
Added Component: Designator=P1(POWER)
Added Component: Designator=R1(R_0603)
Added Component: Designator=R2(R_0603)
Added Component: Designator=R3(R_0603)
Added Component: Designator=R4(R_0603)
Added Component: Designator=R5(R_0603)
Added Component: Designator=R6(R_0603)
Added Component: Designator=R7(R_0603)
Added Component: Designator=R12(R_0603)
Added Component: Designator=R13(R_0603)
Added Component: Designator=R14(R_0603)
Added Component: Designator=R15(R_0603)
Added Component: Designator=R16(R_0603)
Added Component: Designator=R17(RES_R)
Added Component: Designator=R18(R_0603)
Added Component: Designator=R19(RES_R)
Added Component: Designator=R20(R_0603)
Added Component: Designator=R21(R_0603)
Added Component: Designator=S1(SWITCH)
Added Component: Designator=S2(DHT11)
Added Component: Designator=T1(TF_CARD)
Added Component: Designator=U1(LQFP48_N)
Added Component: Designator=U2(LM2596)
Added Component: Designator=U3(AMS-1117-3.3)
Added Component: Designator=U4(SOT-23)
Added Component: Designator=U5(ESP8266)
Added Component: Designator=U6(LM393)
Added Component: Designator=U7(TB6612)
Added Component: Designator=Y1(XTAL_socket)
Added Pin To Net: NetName=3.3V Pin=B1-1
Added Pin To Net: NetName=3.3V Pin=C1-2
Added Pin To Net: NetName=3.3V Pin=C7-2
Added Pin To Net: NetName=3.3V Pin=C8-2
Added Pin To Net: NetName=3.3V Pin=C13-1
Added Pin To Net: NetName=3.3V Pin=D1-1
Added Pin To Net: NetName=3.3V Pin=D3-1
Added Pin To Net: NetName=3.3V Pin=D4-1
Added Pin To Net: NetName=3.3V Pin=J1-4
Added Pin To Net: NetName=3.3V Pin=J3-1
Added Pin To Net: NetName=3.3V Pin=J3-2
Added Pin To Net: NetName=3.3V Pin=J3-3
Added Pin To Net: NetName=3.3V Pin=J3-4
Added Pin To Net: NetName=3.3V Pin=J5-1
Added Pin To Net: NetName=3.3V Pin=J5-6
Added Pin To Net: NetName=3.3V Pin=J6-18
Added Pin To Net: NetName=3.3V Pin=J7-1
Added Pin To Net: NetName=3.3V Pin=J7-3
Added Pin To Net: NetName=3.3V Pin=J8-1
Added Pin To Net: NetName=3.3V Pin=J9-8
Added Pin To Net: NetName=3.3V Pin=J10-1
Added Pin To Net: NetName=3.3V Pin=J11-3
Added Pin To Net: NetName=3.3V Pin=J20-18
Added Pin To Net: NetName=3.3V Pin=J21-1
Added Pin To Net: NetName=3.3V Pin=R2-2
Added Pin To Net: NetName=3.3V Pin=R3-2
Added Pin To Net: NetName=3.3V Pin=R6-1
Added Pin To Net: NetName=3.3V Pin=R7-2
Added Pin To Net: NetName=3.3V Pin=R14-2
Added Pin To Net: NetName=3.3V Pin=R15-1
Added Pin To Net: NetName=3.3V Pin=R17-2
Added Pin To Net: NetName=3.3V Pin=R19-2
Added Pin To Net: NetName=3.3V Pin=R20-1
Added Pin To Net: NetName=3.3V Pin=R21-1
Added Pin To Net: NetName=3.3V Pin=S2-1
Added Pin To Net: NetName=3.3V Pin=T1-4
Added Pin To Net: NetName=3.3V Pin=U1-9
Added Pin To Net: NetName=3.3V Pin=U1-24
Added Pin To Net: NetName=3.3V Pin=U1-36
Added Pin To Net: NetName=3.3V Pin=U1-48
Added Pin To Net: NetName=3.3V Pin=U3-2
Added Pin To Net: NetName=3.3V Pin=U5-1
Added Pin To Net: NetName=3.3V Pin=U6-8
Added Pin To Net: NetName=3.3V Pin=U7-1
Added Pin To Net: NetName=3.3V Pin=U7-2
Added Pin To Net: NetName=3.3V Pin=U7-11
Added Pin To Net: NetName=3.3V Pin=U7-12
Added Pin To Net: NetName=3.3V Pin=U7-14
Added Net: Name=3.3V
Added Pin To Net: NetName=5V Pin=C5-1
Added Pin To Net: NetName=5V Pin=C6-1
Added Pin To Net: NetName=5V Pin=J2-1
Added Pin To Net: NetName=5V Pin=J2-2
Added Pin To Net: NetName=5V Pin=J2-3
Added Pin To Net: NetName=5V Pin=J2-4
Added Pin To Net: NetName=5V Pin=J21-3
Added Pin To Net: NetName=5V Pin=L1-2
Added Pin To Net: NetName=5V Pin=U2-4
Added Pin To Net: NetName=5V Pin=U3-3
Added Net: Name=5V
Added Pin To Net: NetName=12V Pin=C2-1
Added Pin To Net: NetName=12V Pin=C3-2
Added Pin To Net: NetName=12V Pin=J4-1
Added Pin To Net: NetName=12V Pin=J4-2
Added Pin To Net: NetName=12V Pin=J15-3
Added Pin To Net: NetName=12V Pin=J19-3
Added Pin To Net: NetName=12V Pin=J22-3
Added Pin To Net: NetName=12V Pin=S1-2
Added Pin To Net: NetName=12V Pin=U2-1
Added Net: Name=12V
Added Pin To Net: NetName=BEEP Pin=J7-16
Added Pin To Net: NetName=BEEP Pin=J21-16
Added Pin To Net: NetName=BEEP Pin=R12-1
Added Pin To Net: NetName=BEEP Pin=U1-29
Added Net: Name=BEEP
Added Pin To Net: NetName=BOOT0 Pin=R4-1
Added Pin To Net: NetName=BOOT0 Pin=U1-44
Added Net: Name=BOOT0
Added Pin To Net: NetName=BOOT1 Pin=R5-2
Added Pin To Net: NetName=BOOT1 Pin=U1-20
Added Net: Name=BOOT1
Added Pin To Net: NetName=FIRE_IN2 Pin=R17-3
Added Pin To Net: NetName=FIRE_IN2 Pin=U6-6
Added Net: Name=FIRE_IN2
Added Pin To Net: NetName=FIRE_IN Pin=C15-1
Added Pin To Net: NetName=FIRE_IN Pin=J6-6
Added Pin To Net: NetName=FIRE_IN Pin=J14-2
Added Pin To Net: NetName=FIRE_IN Pin=J20-6
Added Pin To Net: NetName=FIRE_IN Pin=R15-2
Added Pin To Net: NetName=FIRE_IN Pin=U1-11
Added Pin To Net: NetName=FIRE_IN Pin=U6-5
Added Net: Name=FIRE_IN
Added Pin To Net: NetName=FIRE_OUT Pin=J7-9
Added Pin To Net: NetName=FIRE_OUT Pin=J21-9
Added Pin To Net: NetName=FIRE_OUT Pin=R16-2
Added Pin To Net: NetName=FIRE_OUT Pin=R20-2
Added Pin To Net: NetName=FIRE_OUT Pin=U1-40
Added Pin To Net: NetName=FIRE_OUT Pin=U6-7
Added Net: Name=FIRE_OUT
Added Pin To Net: NetName=GND Pin=C1-1
Added Pin To Net: NetName=GND Pin=C2-2
Added Pin To Net: NetName=GND Pin=C3-1
Added Pin To Net: NetName=GND Pin=C5-2
Added Pin To Net: NetName=GND Pin=C6-2
Added Pin To Net: NetName=GND Pin=C7-1
Added Pin To Net: NetName=GND Pin=C8-1
Added Pin To Net: NetName=GND Pin=C10-1
Added Pin To Net: NetName=GND Pin=C11-1
Added Pin To Net: NetName=GND Pin=C13-2
Added Pin To Net: NetName=GND Pin=C14-1
Added Pin To Net: NetName=GND Pin=C15-2
Added Pin To Net: NetName=GND Pin=D2-1
Added Pin To Net: NetName=GND Pin=J1-1
Added Pin To Net: NetName=GND Pin=J2-5
Added Pin To Net: NetName=GND Pin=J2-6
Added Pin To Net: NetName=GND Pin=J2-7
Added Pin To Net: NetName=GND Pin=J2-8
Added Pin To Net: NetName=GND Pin=J3-5
Added Pin To Net: NetName=GND Pin=J3-6
Added Pin To Net: NetName=GND Pin=J3-7
Added Pin To Net: NetName=GND Pin=J3-8
Added Pin To Net: NetName=GND Pin=J4-3
Added Pin To Net: NetName=GND Pin=J4-4
Added Pin To Net: NetName=GND Pin=J5-3
Added Pin To Net: NetName=GND Pin=J5-4
Added Pin To Net: NetName=GND Pin=J6-19
Added Pin To Net: NetName=GND Pin=J6-20
Added Pin To Net: NetName=GND Pin=J7-2
Added Pin To Net: NetName=GND Pin=J8-2
Added Pin To Net: NetName=GND Pin=J9-6
Added Pin To Net: NetName=GND Pin=J10-2
Added Pin To Net: NetName=GND Pin=J11-1
Added Pin To Net: NetName=GND Pin=J12-2
Added Pin To Net: NetName=GND Pin=J13-2
Added Pin To Net: NetName=GND Pin=J14-1
Added Pin To Net: NetName=GND Pin=J15-4
Added Pin To Net: NetName=GND Pin=J18-2
Added Pin To Net: NetName=GND Pin=J19-4
Added Pin To Net: NetName=GND Pin=J20-19
Added Pin To Net: NetName=GND Pin=J20-20
Added Pin To Net: NetName=GND Pin=J21-2
Added Pin To Net: NetName=GND Pin=J22-4
Added Pin To Net: NetName=GND Pin=J23-2
Added Pin To Net: NetName=GND Pin=P1-1
Added Pin To Net: NetName=GND Pin=P1-2
Added Pin To Net: NetName=GND Pin=R1-2
Added Pin To Net: NetName=GND Pin=R13-1
Added Pin To Net: NetName=GND Pin=R17-1
Added Pin To Net: NetName=GND Pin=R19-1
Added Pin To Net: NetName=GND Pin=S2-4
Added Pin To Net: NetName=GND Pin=T1-3
Added Pin To Net: NetName=GND Pin=T1-6
Added Pin To Net: NetName=GND Pin=U1-8
Added Pin To Net: NetName=GND Pin=U1-23
Added Pin To Net: NetName=GND Pin=U1-35
Added Pin To Net: NetName=GND Pin=U1-47
Added Pin To Net: NetName=GND Pin=U2-3
Added Pin To Net: NetName=GND Pin=U2-5
Added Pin To Net: NetName=GND Pin=U3-1
Added Pin To Net: NetName=GND Pin=U4-2
Added Pin To Net: NetName=GND Pin=U5-8
Added Pin To Net: NetName=GND Pin=U6-4
Added Pin To Net: NetName=GND Pin=U7-3
Added Pin To Net: NetName=GND Pin=U7-8
Added Pin To Net: NetName=GND Pin=U7-10
Added Pin To Net: NetName=GND Pin=U7-13
Added Pin To Net: NetName=GND Pin=U7-16
Added Net: Name=GND
Added Pin To Net: NetName=GY_INT Pin=J7-4
Added Pin To Net: NetName=GY_INT Pin=J21-4
Added Pin To Net: NetName=GY_INT Pin=U1-46
Added Net: Name=GY_INT
Added Pin To Net: NetName=I2C_SCL Pin=J7-7
Added Pin To Net: NetName=I2C_SCL Pin=J8-3
Added Pin To Net: NetName=I2C_SCL Pin=J10-3
Added Pin To Net: NetName=I2C_SCL Pin=J21-7
Added Pin To Net: NetName=I2C_SCL Pin=U1-42
Added Net: Name=I2C_SCL
Added Pin To Net: NetName=I2C_SDA Pin=J7-6
Added Pin To Net: NetName=I2C_SDA Pin=J8-4
Added Pin To Net: NetName=I2C_SDA Pin=J10-4
Added Pin To Net: NetName=I2C_SDA Pin=J21-6
Added Pin To Net: NetName=I2C_SDA Pin=U1-43
Added Net: Name=I2C_SDA
Added Pin To Net: NetName=NetB1_2 Pin=B1-2
Added Pin To Net: NetName=NetB1_2 Pin=U4-3
Added Net: Name=NetB1_2
Added Pin To Net: NetName=NetD1_2 Pin=D1-2
Added Pin To Net: NetName=NetD1_2 Pin=R1-1
Added Net: Name=NetD1_2
Added Pin To Net: NetName=NetD2_2 Pin=D2-2
Added Pin To Net: NetName=NetD2_2 Pin=L1-1
Added Pin To Net: NetName=NetD2_2 Pin=U2-2
Added Net: Name=NetD2_2
Added Pin To Net: NetName=NetD3_2 Pin=D3-2
Added Pin To Net: NetName=NetD3_2 Pin=R16-1
Added Net: Name=NetD3_2
Added Pin To Net: NetName=NetD4_2 Pin=D4-2
Added Pin To Net: NetName=NetD4_2 Pin=R18-1
Added Net: Name=NetD4_2
Added Pin To Net: NetName=NetJ5_2 Pin=J5-2
Added Pin To Net: NetName=NetJ5_2 Pin=R4-2
Added Net: Name=NetJ5_2
Added Pin To Net: NetName=NetJ5_5 Pin=J5-5
Added Pin To Net: NetName=NetJ5_5 Pin=R5-1
Added Net: Name=NetJ5_5
Added Pin To Net: NetName=NetJ13_1 Pin=J13-1
Added Pin To Net: NetName=NetJ13_1 Pin=J15-5
Added Net: Name=NetJ13_1
Added Pin To Net: NetName=NetJ16_1 Pin=J16-1
Added Pin To Net: NetName=NetJ16_1 Pin=U7-4
Added Net: Name=NetJ16_1
Added Pin To Net: NetName=NetJ16_2 Pin=J16-2
Added Pin To Net: NetName=NetJ16_2 Pin=U7-5
Added Net: Name=NetJ16_2
Added Pin To Net: NetName=NetJ17_1 Pin=J17-1
Added Pin To Net: NetName=NetJ17_1 Pin=U7-6
Added Net: Name=NetJ17_1
Added Pin To Net: NetName=NetJ17_2 Pin=J17-2
Added Pin To Net: NetName=NetJ17_2 Pin=U7-7
Added Net: Name=NetJ17_2
Added Pin To Net: NetName=NetJ18_1 Pin=J18-1
Added Pin To Net: NetName=NetJ18_1 Pin=J19-5
Added Net: Name=NetJ18_1
Added Pin To Net: NetName=NetJ22_5 Pin=J22-5
Added Pin To Net: NetName=NetJ22_5 Pin=J23-1
Added Net: Name=NetJ22_5
Added Pin To Net: NetName=NetP1_3 Pin=P1-3
Added Pin To Net: NetName=NetP1_3 Pin=S1-1
Added Net: Name=NetP1_3
Added Pin To Net: NetName=NetR12_2 Pin=R12-2
Added Pin To Net: NetName=NetR12_2 Pin=R13-2
Added Pin To Net: NetName=NetR12_2 Pin=U4-1
Added Net: Name=NetR12_2
Added Pin To Net: NetName=NRST Pin=J6-17
Added Pin To Net: NetName=NRST Pin=J20-17
Added Pin To Net: NetName=NRST Pin=U1-7
Added Net: Name=NRST
Added Pin To Net: NetName=OSC_IN Pin=C10-2
Added Pin To Net: NetName=OSC_IN Pin=U1-5
Added Pin To Net: NetName=OSC_IN Pin=Y1-2
Added Net: Name=OSC_IN
Added Pin To Net: NetName=OSC_OUT Pin=C11-2
Added Pin To Net: NetName=OSC_OUT Pin=U1-6
Added Pin To Net: NetName=OSC_OUT Pin=Y1-1
Added Net: Name=OSC_OUT
Added Pin To Net: NetName=PA0 Pin=C14-2
Added Pin To Net: NetName=PA0 Pin=J6-5
Added Pin To Net: NetName=PA0 Pin=J12-1
Added Pin To Net: NetName=PA0 Pin=J20-5
Added Pin To Net: NetName=PA0 Pin=R14-1
Added Pin To Net: NetName=PA0 Pin=U1-10
Added Pin To Net: NetName=PA0 Pin=U6-3
Added Net: Name=PA0
Added Pin To Net: NetName=PA2 Pin=J6-7
Added Pin To Net: NetName=PA2 Pin=J20-7
Added Pin To Net: NetName=PA2 Pin=U1-12
Added Pin To Net: NetName=PA2 Pin=U5-5
Added Net: Name=PA2
Added Pin To Net: NetName=PA3 Pin=J6-8
Added Pin To Net: NetName=PA3 Pin=J20-8
Added Pin To Net: NetName=PA3 Pin=U1-13
Added Pin To Net: NetName=PA3 Pin=U5-4
Added Net: Name=PA3
Added Pin To Net: NetName=PA4 Pin=J6-9
Added Pin To Net: NetName=PA4 Pin=J9-1
Added Pin To Net: NetName=PA4 Pin=J20-9
Added Pin To Net: NetName=PA4 Pin=U1-14
Added Net: Name=PA4
Added Pin To Net: NetName=PA5 Pin=J6-10
Added Pin To Net: NetName=PA5 Pin=J9-2
Added Pin To Net: NetName=PA5 Pin=J20-10
Added Pin To Net: NetName=PA5 Pin=R2-1
Added Pin To Net: NetName=PA5 Pin=T1-5
Added Pin To Net: NetName=PA5 Pin=U1-15
Added Net: Name=PA5
Added Pin To Net: NetName=PA6 Pin=J6-11
Added Pin To Net: NetName=PA6 Pin=J9-4
Added Pin To Net: NetName=PA6 Pin=J20-11
Added Pin To Net: NetName=PA6 Pin=T1-7
Added Pin To Net: NetName=PA6 Pin=U1-16
Added Net: Name=PA6
Added Pin To Net: NetName=PA7 Pin=J6-12
Added Pin To Net: NetName=PA7 Pin=J9-3
Added Pin To Net: NetName=PA7 Pin=J20-12
Added Pin To Net: NetName=PA7 Pin=R3-1
Added Pin To Net: NetName=PA7 Pin=T1-2
Added Pin To Net: NetName=PA7 Pin=U1-17
Added Net: Name=PA7
Added Pin To Net: NetName=PA9 Pin=J7-15
Added Pin To Net: NetName=PA9 Pin=J21-15
Added Pin To Net: NetName=PA9 Pin=U1-30
Added Net: Name=PA9
Added Pin To Net: NetName=PA10 Pin=J7-14
Added Pin To Net: NetName=PA10 Pin=J21-14
Added Pin To Net: NetName=PA10 Pin=U1-31
Added Net: Name=PA10
Added Pin To Net: NetName=PA11 Pin=J7-13
Added Pin To Net: NetName=PA11 Pin=J21-13
Added Pin To Net: NetName=PA11 Pin=R6-2
Added Pin To Net: NetName=PA11 Pin=S2-2
Added Pin To Net: NetName=PA11 Pin=U1-32
Added Net: Name=PA11
Added Pin To Net: NetName=PA12 Pin=J7-12
Added Pin To Net: NetName=PA12 Pin=J21-12
Added Pin To Net: NetName=PA12 Pin=U1-33
Added Net: Name=PA12
Added Pin To Net: NetName=PA15 Pin=J7-11
Added Pin To Net: NetName=PA15 Pin=J21-11
Added Pin To Net: NetName=PA15 Pin=U1-38
Added Net: Name=PA15
Added Pin To Net: NetName=PB0 Pin=J6-13
Added Pin To Net: NetName=PB0 Pin=J20-13
Added Pin To Net: NetName=PB0 Pin=U1-18
Added Pin To Net: NetName=PB0 Pin=U7-9
Added Net: Name=PB0
Added Pin To Net: NetName=PB1 Pin=J6-14
Added Pin To Net: NetName=PB1 Pin=J20-14
Added Pin To Net: NetName=PB1 Pin=U1-19
Added Pin To Net: NetName=PB1 Pin=U7-15
Added Net: Name=PB1
Added Pin To Net: NetName=PB3 Pin=J7-10
Added Pin To Net: NetName=PB3 Pin=J21-10
Added Pin To Net: NetName=PB3 Pin=R18-2
Added Pin To Net: NetName=PB3 Pin=R21-2
Added Pin To Net: NetName=PB3 Pin=U1-39
Added Pin To Net: NetName=PB3 Pin=U6-1
Added Net: Name=PB3
Added Pin To Net: NetName=PB5 Pin=J7-8
Added Pin To Net: NetName=PB5 Pin=J21-8
Added Pin To Net: NetName=PB5 Pin=U1-41
Added Net: Name=PB5
Added Pin To Net: NetName=PB8 Pin=J7-5
Added Pin To Net: NetName=PB8 Pin=J21-5
Added Pin To Net: NetName=PB8 Pin=R7-1
Added Pin To Net: NetName=PB8 Pin=T1-1
Added Pin To Net: NetName=PB8 Pin=U1-45
Added Net: Name=PB8
Added Pin To Net: NetName=PB10 Pin=J6-15
Added Pin To Net: NetName=PB10 Pin=J9-5
Added Pin To Net: NetName=PB10 Pin=J20-15
Added Pin To Net: NetName=PB10 Pin=U1-21
Added Net: Name=PB10
Added Pin To Net: NetName=PB11 Pin=J6-16
Added Pin To Net: NetName=PB11 Pin=J9-7
Added Pin To Net: NetName=PB11 Pin=J20-16
Added Pin To Net: NetName=PB11 Pin=U1-22
Added Net: Name=PB11
Added Pin To Net: NetName=PB12 Pin=J7-20
Added Pin To Net: NetName=PB12 Pin=J15-2
Added Pin To Net: NetName=PB12 Pin=J21-20
Added Pin To Net: NetName=PB12 Pin=U1-25
Added Net: Name=PB12
Added Pin To Net: NetName=PB13 Pin=J7-19
Added Pin To Net: NetName=PB13 Pin=J19-2
Added Pin To Net: NetName=PB13 Pin=J21-19
Added Pin To Net: NetName=PB13 Pin=U1-26
Added Net: Name=PB13
Added Pin To Net: NetName=PB14 Pin=J7-18
Added Pin To Net: NetName=PB14 Pin=J21-18
Added Pin To Net: NetName=PB14 Pin=J22-2
Added Pin To Net: NetName=PB14 Pin=U1-27
Added Net: Name=PB14
Added Pin To Net: NetName=PB15 Pin=J7-17
Added Pin To Net: NetName=PB15 Pin=J11-2
Added Pin To Net: NetName=PB15 Pin=J21-17
Added Pin To Net: NetName=PB15 Pin=U1-28
Added Net: Name=PB15
Added Pin To Net: NetName=PC13 Pin=J6-2
Added Pin To Net: NetName=PC13 Pin=J8-5
Added Pin To Net: NetName=PC13 Pin=J20-2
Added Pin To Net: NetName=PC13 Pin=U1-2
Added Net: Name=PC13
Added Pin To Net: NetName=PC14 Pin=J6-3
Added Pin To Net: NetName=PC14 Pin=J20-3
Added Pin To Net: NetName=PC14 Pin=U1-3
Added Pin To Net: NetName=PC14 Pin=U5-2
Added Net: Name=PC14
Added Pin To Net: NetName=PC15 Pin=J6-4
Added Pin To Net: NetName=PC15 Pin=J20-4
Added Pin To Net: NetName=PC15 Pin=U1-4
Added Pin To Net: NetName=PC15 Pin=U5-3
Added Net: Name=PC15
Added Pin To Net: NetName=SOIL_IN2 Pin=R19-3
Added Pin To Net: NetName=SOIL_IN2 Pin=U6-2
Added Net: Name=SOIL_IN2
Added Pin To Net: NetName=SWCLK Pin=J1-2
Added Pin To Net: NetName=SWCLK Pin=U1-37
Added Net: Name=SWCLK
Added Pin To Net: NetName=SWIO Pin=J1-3
Added Pin To Net: NetName=SWIO Pin=U1-34
Added Net: Name=SWIO
Added Pin To Net: NetName=VBAT Pin=J6-1
Added Pin To Net: NetName=VBAT Pin=J20-1
Added Pin To Net: NetName=VBAT Pin=U1-1
Added Net: Name=VBAT
Added Class: Name=Sheet1
Added Class: Name=Sheet2
Added Room: Name=Sheet1
Added Room: Name=Sheet2
