Added Component: Designator=B1(BEEP-9.5X5.5)
Added Component: Designator=BT1(BATERY)
Added Component: Designator=C1(RES_0603_FIRE)
Added Component: Designator=C2(CAP_0603_FIRE)
Added Component: Designator=C3(CAP_0603_FIRE)
Added Component: Designator=C4(RES_0603_FIRE)
Added Component: Designator=C5(CAP_0603_FIRE)
Added Component: Designator=C6(CAP_0603_FIRE)
Added Component: Designator=C7(CAP_0603_FIRE)
Added Component: Designator=C8(RES_0603_FIRE)
Added Component: Designator=C9(CAP_0603_FIRE)
Added Component: Designator=C10(CAP_0603_FIRE)
Added Component: Designator=C11(CAP_0603_FIRE)
Added Component: Designator=C12(RES_0603_FIRE)
Added Component: Designator=C13(RES_0603_FIRE)
Added Component: Designator=C14(RES_0603_FIRE)
Added Component: Designator=C15(RES_0603_FIRE)
Added Component: Designator=C16(CAP+_47UF_FIRE)
Added Component: Designator=C17(CAP+_47UF_FIRE)
Added Component: Designator=C18(RES_0603_FIRE)
Added Component: Designator=C19(RES_0603_FIRE)
Added Component: Designator=C20(CAP_0603_FIRE)
Added Component: Designator=C21(CAP_0603_FIRE)
Added Component: Designator=C22(CAP_0603_FIRE)
Added Component: Designator=C23(CAP_0603_FIRE)
Added Component: Designator=D1(0603_R_JX)
Added Component: Designator=D2(0603_R_JX)
Added Component: Designator=D3(0603_R_JX)
Added Component: Designator=J1(mode)
Added Component: Designator=J2(USB_MINI_B_FE_JX)
Added Component: Designator=J3(OLED)
Added Component: Designator=J4(SPI_IO)
Added Component: Designator=J5(USART_IO)
Added Component: Designator=J6(DS18B20)
Added Component: Designator=J7(SWD)
Added Component: Designator=J8(XH_2501R_2P_LOCKED_JX)
Added Component: Designator=J9(IO)
Added Component: Designator=J10(IO)
Added Component: Designator=K1(KEY)
Added Component: Designator=K2(KEY)
Added Component: Designator=K3(KEY)
Added Component: Designator=K4(KEY)
Added Component: Designator=K5(KEY)
Added Component: Designator=K6(KEY)
Added Component: Designator=Q1(SOT-23)
Added Component: Designator=Q2(SOT-23)
Added Component: Designator=R1(RES_0603_FIRE)
Added Component: Designator=R2(RES_0603_FIRE)
Added Component: Designator=R3(RES_0603_FIRE)
Added Component: Designator=R4(RES_0603_FIRE)
Added Component: Designator=R5(RES_0603_FIRE)
Added Component: Designator=R6(RES_0603_FIRE)
Added Component: Designator=R7(RES_0603_FIRE)
Added Component: Designator=R8(RES_0603_FIRE)
Added Component: Designator=R9(RES_0603_FIRE)
Added Component: Designator=R10(RES_0603_FIRE)
Added Component: Designator=R11(RES_0603_FIRE)
Added Component: Designator=R12(RES_0603_FIRE)
Added Component: Designator=R13(RES_0603_FIRE)
Added Component: Designator=R14(RES_0603_FIRE)
Added Component: Designator=R15(RES_0603_FIRE)
Added Component: Designator=R16(RES_0603_FIRE)
Added Component: Designator=R17(RES_0603_FIRE)
Added Component: Designator=R18(RES_0603_FIRE)
Added Component: Designator=R19(RES_0603_FIRE)
Added Component: Designator=S1(SWITCH)
Added Component: Designator=U1(SOP16)
Added Component: Designator=U2(LQFP64)
Added Component: Designator=U3(AMS-1117-3.3)
Added Component: Designator=U4(SOP8_150MIL_JX)
Added Component: Designator=Y1(XTAL_socket)
Added Component: Designator=Y2(CRYS-3X8)
Added Component: Designator=Y3(XTAL_socket)
Added Pin To Net: NetName=3V3 Pin=B1-1
Added Pin To Net: NetName=NetB1_2 Pin=B1-2
Added Pin To Net: NetName=NetBT1_1 Pin=BT1-1
Added Pin To Net: NetName=GND Pin=BT1-2
Added Pin To Net: NetName=5V Pin=C1-1
Added Pin To Net: NetName=GND Pin=C1-2
Added Pin To Net: NetName=GND Pin=C2-1
Added Pin To Net: NetName=OSC_IN1 Pin=C2-2
Added Pin To Net: NetName=GND Pin=C3-1
Added Pin To Net: NetName=OSC_IN2 Pin=C3-2
Added Pin To Net: NetName=NetC4_1 Pin=C4-1
Added Pin To Net: NetName=GND Pin=C4-2
Added Pin To Net: NetName=GND Pin=C5-1
Added Pin To Net: NetName=OSC_OUT1 Pin=C5-2
Added Pin To Net: NetName=GND Pin=C6-1
Added Pin To Net: NetName=OSC_OUT2 Pin=C6-2
Added Pin To Net: NetName=RESET Pin=C7-1
Added Pin To Net: NetName=GND Pin=C7-2
Added Pin To Net: NetName=GND Pin=C8-1
Added Pin To Net: NetName=VBAT Pin=C8-2
Added Pin To Net: NetName=GND Pin=C9-1
Added Pin To Net: NetName=NetC9_2 Pin=C9-2
Added Pin To Net: NetName=GND Pin=C10-1
Added Pin To Net: NetName=NetC10_2 Pin=C10-2
Added Pin To Net: NetName=3V3 Pin=C11-1
Added Pin To Net: NetName=GND Pin=C11-2
Added Pin To Net: NetName=NetC12_1 Pin=C12-1
Added Pin To Net: NetName=GND Pin=C12-2
Added Pin To Net: NetName=NetC12_1 Pin=C13-1
Added Pin To Net: NetName=GND Pin=C13-2
Added Pin To Net: NetName=BATT Pin=C14-1
Added Pin To Net: NetName=GND Pin=C14-2
Added Pin To Net: NetName=BATT Pin=C15-1
Added Pin To Net: NetName=GND Pin=C15-2
Added Pin To Net: NetName=5V Pin=C16-1
Added Pin To Net: NetName=NetC16_2 Pin=C16-2
Added Pin To Net: NetName=3V3 Pin=C17-1
Added Pin To Net: NetName=NetC16_2 Pin=C17-2
Added Pin To Net: NetName=NetC16_2 Pin=C18-1
Added Pin To Net: NetName=5V Pin=C18-2
Added Pin To Net: NetName=NetC16_2 Pin=C19-1
Added Pin To Net: NetName=3V3 Pin=C19-2
Added Pin To Net: NetName=GND Pin=C20-1
Added Pin To Net: NetName=3V3 Pin=C20-2
Added Pin To Net: NetName=3V3 Pin=C21-1
Added Pin To Net: NetName=GND Pin=C21-2
Added Pin To Net: NetName=GND Pin=C22-1
Added Pin To Net: NetName=3V3 Pin=C22-2
Added Pin To Net: NetName=GND Pin=C23-1
Added Pin To Net: NetName=3V3 Pin=C23-2
Added Pin To Net: NetName=5V Pin=D1-1
Added Pin To Net: NetName=NetD1_2 Pin=D1-2
Added Pin To Net: NetName=NetD2_1 Pin=D2-1
Added Pin To Net: NetName=NetD2_2 Pin=D2-2
Added Pin To Net: NetName=NetD3_1 Pin=D3-1
Added Pin To Net: NetName=NetD3_2 Pin=D3-2
Added Pin To Net: NetName=PA10 Pin=J1-1
Added Pin To Net: NetName=PA9 Pin=J1-2
Added Pin To Net: NetName=NetJ1_3 Pin=J1-3
Added Pin To Net: NetName=NetJ1_4 Pin=J1-4
Added Pin To Net: NetName=POWER Pin=J2-1
Added Pin To Net: NetName=NetJ2_2 Pin=J2-2
Added Pin To Net: NetName=NetJ2_3 Pin=J2-3
Added Pin To Net: NetName=GND Pin=J2-5
Added Pin To Net: NetName=GND Pin=J2-5
Added Pin To Net: NetName=GND Pin=J2-5
Added Pin To Net: NetName=GND Pin=J2-5
Added Pin To Net: NetName=GND Pin=J2-5
Added Pin To Net: NetName=3V3 Pin=J3-1
Added Pin To Net: NetName=GND Pin=J3-2
Added Pin To Net: NetName=PB6 Pin=J3-3
Added Pin To Net: NetName=PB7 Pin=J3-4
Added Pin To Net: NetName=3V3 Pin=J4-1
Added Pin To Net: NetName=GND Pin=J4-2
Added Pin To Net: NetName=PB12 Pin=J4-3
Added Pin To Net: NetName=PB13 Pin=J4-4
Added Pin To Net: NetName=PB14 Pin=J4-5
Added Pin To Net: NetName=PB15 Pin=J4-6
Added Pin To Net: NetName=3V3 Pin=J5-1
Added Pin To Net: NetName=PA3 Pin=J5-2
Added Pin To Net: NetName=PA2 Pin=J5-3
Added Pin To Net: NetName=GND Pin=J5-4
Added Pin To Net: NetName=GND Pin=J6-1
Added Pin To Net: NetName=PC10 Pin=J6-2
Added Pin To Net: NetName=3V3 Pin=J6-3
Added Pin To Net: NetName=GND Pin=J7-1
Added Pin To Net: NetName=PA14 Pin=J7-2
Added Pin To Net: NetName=PA13 Pin=J7-3
Added Pin To Net: NetName=3V3 Pin=J7-4
Added Pin To Net: NetName=BATT Pin=J8-1
Added Pin To Net: NetName=GND Pin=J8-2
Added Pin To Net: NetName=3V3 Pin=J9-1
Added Pin To Net: NetName=PC15 Pin=J9-2
Added Pin To Net: NetName=GND Pin=J9-3
Added Pin To Net: NetName=PC14 Pin=J9-4
Added Pin To Net: NetName=GND Pin=J9-5
Added Pin To Net: NetName=PC13 Pin=J9-6
Added Pin To Net: NetName=PC0 Pin=J9-7
Added Pin To Net: NetName=PC1 Pin=J9-8
Added Pin To Net: NetName=PC2 Pin=J9-9
Added Pin To Net: NetName=PC3 Pin=J9-10
Added Pin To Net: NetName=PA0 Pin=J9-11
Added Pin To Net: NetName=PA1 Pin=J9-12
Added Pin To Net: NetName=PA2 Pin=J9-13
Added Pin To Net: NetName=PA3 Pin=J9-14
Added Pin To Net: NetName=PA4 Pin=J9-15
Added Pin To Net: NetName=PA5 Pin=J9-16
Added Pin To Net: NetName=PA6 Pin=J9-17
Added Pin To Net: NetName=PA7 Pin=J9-18
Added Pin To Net: NetName=PC4 Pin=J9-19
Added Pin To Net: NetName=PC5 Pin=J9-20
Added Pin To Net: NetName=PB0 Pin=J9-21
Added Pin To Net: NetName=PB1 Pin=J9-22
Added Pin To Net: NetName=PB10 Pin=J9-23
Added Pin To Net: NetName=PB11 Pin=J9-24
Added Pin To Net: NetName=3V3 Pin=J9-25
Added Pin To Net: NetName=3V3 Pin=J9-26
Added Pin To Net: NetName=NetJ9_27 Pin=J9-27
Added Pin To Net: NetName=NetJ9_28 Pin=J9-28
Added Pin To Net: NetName=GND Pin=J9-29
Added Pin To Net: NetName=GND Pin=J9-30
Added Pin To Net: NetName=PB12 Pin=J10-1
Added Pin To Net: NetName=PB13 Pin=J10-2
Added Pin To Net: NetName=PB14 Pin=J10-3
Added Pin To Net: NetName=PB15 Pin=J10-4
Added Pin To Net: NetName=PC6 Pin=J10-5
Added Pin To Net: NetName=PC7 Pin=J10-6
Added Pin To Net: NetName=PC8 Pin=J10-7
Added Pin To Net: NetName=PC9 Pin=J10-8
Added Pin To Net: NetName=PA8 Pin=J10-9
Added Pin To Net: NetName=PA9 Pin=J10-10
Added Pin To Net: NetName=PA10 Pin=J10-11
Added Pin To Net: NetName=PA13 Pin=J10-12
Added Pin To Net: NetName=PA14 Pin=J10-13
Added Pin To Net: NetName=PA15 Pin=J10-14
Added Pin To Net: NetName=PC10 Pin=J10-15
Added Pin To Net: NetName=PC11 Pin=J10-16
Added Pin To Net: NetName=PC12 Pin=J10-17
Added Pin To Net: NetName=PD2 Pin=J10-18
Added Pin To Net: NetName=PB3 Pin=J10-19
Added Pin To Net: NetName=PB4 Pin=J10-20
Added Pin To Net: NetName=PB5 Pin=J10-21
Added Pin To Net: NetName=PB6 Pin=J10-22
Added Pin To Net: NetName=PB7 Pin=J10-23
Added Pin To Net: NetName=PB8 Pin=J10-24
Added Pin To Net: NetName=PB9 Pin=J10-25
Added Pin To Net: NetName=GND Pin=J10-26
Added Pin To Net: NetName=PA11 Pin=J10-27
Added Pin To Net: NetName=GND Pin=J10-28
Added Pin To Net: NetName=PA12 Pin=J10-29
Added Pin To Net: NetName=5V Pin=J10-30
Added Pin To Net: NetName=RESET Pin=K1-1
Added Pin To Net: NetName=GND Pin=K1-2
Added Pin To Net: NetName=3V3 Pin=K2-1
Added Pin To Net: NetName=PA0 Pin=K2-2
Added Pin To Net: NetName=PC6 Pin=K3-1
Added Pin To Net: NetName=GND Pin=K3-2
Added Pin To Net: NetName=PC7 Pin=K4-1
Added Pin To Net: NetName=GND Pin=K4-2
Added Pin To Net: NetName=PC8 Pin=K5-1
Added Pin To Net: NetName=GND Pin=K5-2
Added Pin To Net: NetName=PC9 Pin=K6-1
Added Pin To Net: NetName=GND Pin=K6-2
Added Pin To Net: NetName=3V3 Pin=Q1-1
Added Pin To Net: NetName=NetBT1_1 Pin=Q1-2
Added Pin To Net: NetName=VBAT Pin=Q1-3
Added Pin To Net: NetName=NetQ2_1 Pin=Q2-1
Added Pin To Net: NetName=GND Pin=Q2-2
Added Pin To Net: NetName=NetB1_2 Pin=Q2-3
Added Pin To Net: NetName=RESET Pin=R1-1
Added Pin To Net: NetName=VCC3.3 Pin=R1-2
Added Pin To Net: NetName=OSC_OUT1 Pin=R2-1
Added Pin To Net: NetName=OSC_IN1 Pin=R2-2
Added Pin To Net: NetName=PA1 Pin=R3-1
Added Pin To Net: NetName=BATT Pin=R3-2
Added Pin To Net: NetName=GND Pin=R4-1
Added Pin To Net: NetName=PA1 Pin=R4-2
Added Pin To Net: NetName=GND Pin=R5-1
Added Pin To Net: NetName=NetD1_2 Pin=R5-2
Added Pin To Net: NetName=NetC12_1 Pin=R6-1
Added Pin To Net: NetName=5V Pin=R6-2
Added Pin To Net: NetName=NetC12_1 Pin=R7-1
Added Pin To Net: NetName=NetD2_1 Pin=R7-2
Added Pin To Net: NetName=NetQ2_1 Pin=R8-1
Added Pin To Net: NetName=PB0 Pin=R8-2
Added Pin To Net: NetName=NetR9_1 Pin=R9-1
Added Pin To Net: NetName=GND Pin=R9-2
Added Pin To Net: NetName=NetC12_1 Pin=R10-1
Added Pin To Net: NetName=NetD3_1 Pin=R10-2
Added Pin To Net: NetName=NetQ2_1 Pin=R11-1
Added Pin To Net: NetName=GND Pin=R11-2
Added Pin To Net: NetName=3V3 Pin=R12-1
Added Pin To Net: NetName=PC6 Pin=R12-2
Added Pin To Net: NetName=3V3 Pin=R13-1
Added Pin To Net: NetName=PC7 Pin=R13-2
Added Pin To Net: NetName=3V3 Pin=R14-1
Added Pin To Net: NetName=PC8 Pin=R14-2
Added Pin To Net: NetName=BOOT0 Pin=R15-1
Added Pin To Net: NetName=NetJ9_27 Pin=R15-2
Added Pin To Net: NetName=NetJ9_28 Pin=R16-1
Added Pin To Net: NetName=BOOT1 Pin=R16-2
Added Pin To Net: NetName=GND Pin=R17-1
Added Pin To Net: NetName=BOOT1 Pin=R17-2
Added Pin To Net: NetName=GND Pin=R18-1
Added Pin To Net: NetName=BOOT0 Pin=R18-2
Added Pin To Net: NetName=3V3 Pin=R19-1
Added Pin To Net: NetName=PC9 Pin=R19-2
Added Pin To Net: NetName=POWER Pin=S1-1
Added Pin To Net: NetName=5V Pin=S1-2
Added Pin To Net: NetName=GND Pin=U1-1
Added Pin To Net: NetName=NetJ1_3 Pin=U1-2
Added Pin To Net: NetName=NetJ1_4 Pin=U1-3
Added Pin To Net: NetName=NetC4_1 Pin=U1-4
Added Pin To Net: NetName=NetJ2_3 Pin=U1-5
Added Pin To Net: NetName=NetJ2_2 Pin=U1-6
Added Pin To Net: NetName=NetC9_2 Pin=U1-7
Added Pin To Net: NetName=NetC10_2 Pin=U1-8
Added Pin To Net: NetName=5V Pin=U1-16
Added Pin To Net: NetName=VBAT Pin=U2-1
Added Pin To Net: NetName=PC13 Pin=U2-2
Added Pin To Net: NetName=OSC_IN1 Pin=U2-3
Added Pin To Net: NetName=OSC_OUT1 Pin=U2-4
Added Pin To Net: NetName=OSC_IN2 Pin=U2-5
Added Pin To Net: NetName=OSC_OUT2 Pin=U2-6
Added Pin To Net: NetName=RESET Pin=U2-7
Added Pin To Net: NetName=PC0 Pin=U2-8
Added Pin To Net: NetName=PC1 Pin=U2-9
Added Pin To Net: NetName=PC2 Pin=U2-10
Added Pin To Net: NetName=PC3 Pin=U2-11
Added Pin To Net: NetName=GND Pin=U2-12
Added Pin To Net: NetName=3V3 Pin=U2-13
Added Pin To Net: NetName=PA0 Pin=U2-14
Added Pin To Net: NetName=PA1 Pin=U2-15
Added Pin To Net: NetName=PA2 Pin=U2-16
Added Pin To Net: NetName=PA3 Pin=U2-17
Added Pin To Net: NetName=GND Pin=U2-18
Added Pin To Net: NetName=3V3 Pin=U2-19
Added Pin To Net: NetName=PA4 Pin=U2-20
Added Pin To Net: NetName=PA5 Pin=U2-21
Added Pin To Net: NetName=PA6 Pin=U2-22
Added Pin To Net: NetName=PA7 Pin=U2-23
Added Pin To Net: NetName=PC4 Pin=U2-24
Added Pin To Net: NetName=PC5 Pin=U2-25
Added Pin To Net: NetName=PB0 Pin=U2-26
Added Pin To Net: NetName=PB1 Pin=U2-27
Added Pin To Net: NetName=BOOT1 Pin=U2-28
Added Pin To Net: NetName=PB10 Pin=U2-29
Added Pin To Net: NetName=PB11 Pin=U2-30
Added Pin To Net: NetName=GND Pin=U2-31
Added Pin To Net: NetName=3V3 Pin=U2-32
Added Pin To Net: NetName=PB12 Pin=U2-33
Added Pin To Net: NetName=PB13 Pin=U2-34
Added Pin To Net: NetName=PB14 Pin=U2-35
Added Pin To Net: NetName=PB15 Pin=U2-36
Added Pin To Net: NetName=PC6 Pin=U2-37
Added Pin To Net: NetName=PC7 Pin=U2-38
Added Pin To Net: NetName=PC8 Pin=U2-39
Added Pin To Net: NetName=PC9 Pin=U2-40
Added Pin To Net: NetName=PA8 Pin=U2-41
Added Pin To Net: NetName=PA9 Pin=U2-42
Added Pin To Net: NetName=PA10 Pin=U2-43
Added Pin To Net: NetName=PA11 Pin=U2-44
Added Pin To Net: NetName=PA12 Pin=U2-45
Added Pin To Net: NetName=PA13 Pin=U2-46
Added Pin To Net: NetName=GND Pin=U2-47
Added Pin To Net: NetName=3V3 Pin=U2-48
Added Pin To Net: NetName=PA14 Pin=U2-49
Added Pin To Net: NetName=PA15 Pin=U2-50
Added Pin To Net: NetName=PC10 Pin=U2-51
Added Pin To Net: NetName=PC11 Pin=U2-52
Added Pin To Net: NetName=PC12 Pin=U2-53
Added Pin To Net: NetName=PD2 Pin=U2-54
Added Pin To Net: NetName=PB3 Pin=U2-55
Added Pin To Net: NetName=PB4 Pin=U2-56
Added Pin To Net: NetName=PB5 Pin=U2-57
Added Pin To Net: NetName=PB6 Pin=U2-58
Added Pin To Net: NetName=PB7 Pin=U2-59
Added Pin To Net: NetName=BOOT0 Pin=U2-60
Added Pin To Net: NetName=PB8 Pin=U2-61
Added Pin To Net: NetName=PB9 Pin=U2-62
Added Pin To Net: NetName=GND Pin=U2-63
Added Pin To Net: NetName=3V3 Pin=U2-64
Added Pin To Net: NetName=GND Pin=U3-1
Added Pin To Net: NetName=3V3 Pin=U3-2
Added Pin To Net: NetName=5V Pin=U3-3
Added Pin To Net: NetName=GND Pin=U4-1
Added Pin To Net: NetName=NetR9_1 Pin=U4-2
Added Pin To Net: NetName=GND Pin=U4-3
Added Pin To Net: NetName=NetC12_1 Pin=U4-4
Added Pin To Net: NetName=BATT Pin=U4-5
Added Pin To Net: NetName=NetD3_2 Pin=U4-6
Added Pin To Net: NetName=NetD2_2 Pin=U4-7
Added Pin To Net: NetName=NetC12_1 Pin=U4-8
Added Pin To Net: NetName=OSC_OUT1 Pin=Y1-1
Added Pin To Net: NetName=OSC_IN1 Pin=Y1-2
Added Pin To Net: NetName=OSC_OUT2 Pin=Y2-1
Added Pin To Net: NetName=OSC_IN2 Pin=Y2-2
Added Pin To Net: NetName=NetC10_2 Pin=Y3-1
Added Pin To Net: NetName=NetC9_2 Pin=Y3-2
Added Member To Class: ClassName=创意时钟 Member=Component B1 BEEP
Added Member To Class: ClassName=创意时钟 Member=Component BT1 CR1220
Added Member To Class: ClassName=创意时钟 Member=Component C1 CAP_10P_0603_FIRE
Added Member To Class: ClassName=创意时钟 Member=Component C2 CAP_20P_0603_FIRE
Added Member To Class: ClassName=创意时钟 Member=Component C3 CAP_20P_0603_FIRE
Added Member To Class: ClassName=创意时钟 Member=Component C4 CAP_10P_0603_FIRE
Added Member To Class: ClassName=创意时钟 Member=Component C5 CAP_20P_0603_FIRE
Added Member To Class: ClassName=创意时钟 Member=Component C6 CAP_20P_0603_FIRE
Added Member To Class: ClassName=创意时钟 Member=Component C7 CAP_20P_0603_FIRE
Added Member To Class: ClassName=创意时钟 Member=Component C8 CAP_10P_0603_FIRE
Added Member To Class: ClassName=创意时钟 Member=Component C9 CAP_20P_0603_FIRE
Added Member To Class: ClassName=创意时钟 Member=Component C10 CAP_20P_0603_FIRE
Added Member To Class: ClassName=创意时钟 Member=Component C11 CAP_20P_0603_FIRE
Added Member To Class: ClassName=创意时钟 Member=Component C12 CAP_10P_0603_FIRE
Added Member To Class: ClassName=创意时钟 Member=Component C13 CAP_10P_0603_FIRE
Added Member To Class: ClassName=创意时钟 Member=Component C14 CAP_10P_0603_FIRE
Added Member To Class: ClassName=创意时钟 Member=Component C15 CAP_10P_0603_FIRE
Added Member To Class: ClassName=创意时钟 Member=Component C16 CAP+_47UF_FIRE
Added Member To Class: ClassName=创意时钟 Member=Component C17 CAP+_47UF_FIRE
Added Member To Class: ClassName=创意时钟 Member=Component C18 CAP_10P_0603_FIRE
Added Member To Class: ClassName=创意时钟 Member=Component C19 CAP_10P_0603_FIRE
Added Member To Class: ClassName=创意时钟 Member=Component C20 CAP_20P_0603_FIRE
Added Member To Class: ClassName=创意时钟 Member=Component C21 CAP_20P_0603_FIRE
Added Member To Class: ClassName=创意时钟 Member=Component C22 CAP_20P_0603_FIRE
Added Member To Class: ClassName=创意时钟 Member=Component C23 CAP_20P_0603_FIRE
Added Member To Class: ClassName=创意时钟 Member=Component D1 LED
Added Member To Class: ClassName=创意时钟 Member=Component D2 LED
Added Member To Class: ClassName=创意时钟 Member=Component D3 LED
Added Member To Class: ClassName=创意时钟 Member=Component J1 mode
Added Member To Class: ClassName=创意时钟 Member=Component J2 USB-MINI
Added Member To Class: ClassName=创意时钟 Member=Component J3 OLED
Added Member To Class: ClassName=创意时钟 Member=Component J4 SPI_IO
Added Member To Class: ClassName=创意时钟 Member=Component J5 UART_IO
Added Member To Class: ClassName=创意时钟 Member=Component J6 DS18B20
Added Member To Class: ClassName=创意时钟 Member=Component J7 SWD
Added Member To Class: ClassName=创意时钟 Member=Component J8 BATTERY
Added Member To Class: ClassName=创意时钟 Member=Component J9 IO
Added Member To Class: ClassName=创意时钟 Member=Component J10 IO
Added Member To Class: ClassName=创意时钟 Member=Component K1 KEY
Added Member To Class: ClassName=创意时钟 Member=Component K2 KEY
Added Member To Class: ClassName=创意时钟 Member=Component K3 KEY
Added Member To Class: ClassName=创意时钟 Member=Component K4 KEY
Added Member To Class: ClassName=创意时钟 Member=Component K5 KEY
Added Member To Class: ClassName=创意时钟 Member=Component K6 KEY
Added Member To Class: ClassName=创意时钟 Member=Component Q1 BAT54C
Added Member To Class: ClassName=创意时钟 Member=Component Q2 8050
Added Member To Class: ClassName=创意时钟 Member=Component R1 RES_1K_0603_FIRE
Added Member To Class: ClassName=创意时钟 Member=Component R2 RES_1K_0603_FIRE
Added Member To Class: ClassName=创意时钟 Member=Component R3 RES_1K_0603_FIRE
Added Member To Class: ClassName=创意时钟 Member=Component R4 RES_1K_0603_FIRE
Added Member To Class: ClassName=创意时钟 Member=Component R5 RES_1K_0603_FIRE
Added Member To Class: ClassName=创意时钟 Member=Component R6 RES_1K_0603_FIRE
Added Member To Class: ClassName=创意时钟 Member=Component R7 RES_1K_0603_FIRE
Added Member To Class: ClassName=创意时钟 Member=Component R8 RES_12K_1%_0603_FIRE
Added Member To Class: ClassName=创意时钟 Member=Component R9 RES_1K_0603_FIRE
Added Member To Class: ClassName=创意时钟 Member=Component R10 RES_1K_0603_FIRE
Added Member To Class: ClassName=创意时钟 Member=Component R11 RES_12K_1%_0603_FIRE
Added Member To Class: ClassName=创意时钟 Member=Component R12 RES_1K_0603_FIRE
Added Member To Class: ClassName=创意时钟 Member=Component R13 RES_1K_0603_FIRE
Added Member To Class: ClassName=创意时钟 Member=Component R14 RES_1K_0603_FIRE
Added Member To Class: ClassName=创意时钟 Member=Component R15 RES_1K_0603_FIRE
Added Member To Class: ClassName=创意时钟 Member=Component R16 RES_1K_0603_FIRE
Added Member To Class: ClassName=创意时钟 Member=Component R17 RES_1K_0603_FIRE
Added Member To Class: ClassName=创意时钟 Member=Component R18 RES_1K_0603_FIRE
Added Member To Class: ClassName=创意时钟 Member=Component R19 RES_1K_0603_FIRE
Added Member To Class: ClassName=创意时钟 Member=Component S1 Switch
Added Member To Class: ClassName=创意时钟 Member=Component U1 CH340G
Added Member To Class: ClassName=创意时钟 Member=Component U2 STM32RCT6
Added Member To Class: ClassName=创意时钟 Member=Component U3 AMS1117
Added Member To Class: ClassName=创意时钟 Member=Component U4 TP4056
Added Member To Class: ClassName=创意时钟 Member=Component Y1 XTAL_8M_FIRE
Added Member To Class: ClassName=创意时钟 Member=Component Y2 XTAL_32.768KHZ_FIRE
Added Member To Class: ClassName=创意时钟 Member=Component Y3 XTAL_8M_FIRE
Added Room: Name=创意时钟
