Removed Pin From Net: NetName=NetD1_2 Pin=R5-2
Removed Pin From Net: NetName=NetD2_2 Pin=R7-2
Removed Pin From Net: NetName=NetD2_2 Pin=R8-2
Removed Pin From Net: NetName=NetD3_2 Pin=R10-2
Change Component Comment : Designator=R12 Old Comment=1K New Comment=RES
Change Component Comment : Designator=R13 Old Comment=1K New Comment=RES
Change Component Comment : Designator=R16 Old Comment=1K New Comment=RES
Change Component Comment : Designator=R19 Old Comment=1K New Comment=RES
Change Component Comment : Designator=R8 Old Comment=2k New Comment=1K
Change Component Comment : Designator=R10 Old Comment=2k New Comment=1K
Change Component Comment : Designator=R3 Old Comment=RES New Comment=1K
Change Component Comment : Designator=R4 Old Comment=RES New Comment=1K
Change Component Comment : Designator=R15 Old Comment=RES New Comment=510R
Added Pin To Net: NetName=5V Pin=D1-1
Added Pin To Net: NetName=PA10 Pin=J1-1
Added Pin To Net: NetName=PA9 Pin=J1-2
Added Pin To Net: NetName=RESET Pin=K1-1
Added Pin To Net: NetName=GND Pin=K1-2
Added Pin To Net: NetName=3V3 Pin=K2-1
Added Pin To Net: NetName=PA0 Pin=K2-2
Added Pin To Net: NetName=PC6 Pin=K3-1
Added Pin To Net: NetName=GND Pin=K3-2
Added Pin To Net: NetName=PC7 Pin=K4-1
Added Pin To Net: NetName=GND Pin=K4-2
Added Pin To Net: NetName=PC8 Pin=K5-1
Added Pin To Net: NetName=GND Pin=K5-2
Added Pin To Net: NetName=PC9 Pin=K6-1
Added Pin To Net: NetName=GND Pin=K6-2
Added Pin To Net: NetName=RESET Pin=R1-1
Added Pin To Net: NetName=OSC_OUT1 Pin=R2-1
Added Pin To Net: NetName=OSC_IN1 Pin=R2-2
Added Pin To Net: NetName=BATT Pin=R3-1
Added Pin To Net: NetName=PA1 Pin=R3-2
Added Pin To Net: NetName=PA1 Pin=R4-1
Added Pin To Net: NetName=GND Pin=R4-2
Added Pin To Net: NetName=NetD1_2 Pin=R5-1
Added Pin To Net: NetName=GND Pin=R5-2
Added Pin To Net: NetName=NetC12_1 Pin=R6-1
Added Pin To Net: NetName=5V Pin=R6-2
Added Pin To Net: NetName=PB0 Pin=R7-1
Added Pin To Net: NetName=NetC12_1 Pin=R8-1
Added Pin To Net: NetName=GND Pin=R9-2
Added Pin To Net: NetName=NetC12_1 Pin=R10-1
Added Pin To Net: NetName=GND Pin=R11-1
Added Pin To Net: NetName=3V3 Pin=R12-1
Added Pin To Net: NetName=PC6 Pin=R12-2
Added Pin To Net: NetName=PC7 Pin=R13-2
Added Pin To Net: NetName=BOOT0 Pin=R14-1
Added Pin To Net: NetName=BOOT1 Pin=R15-2
Added Pin To Net: NetName=3V3 Pin=R16-1
Added Pin To Net: NetName=PC8 Pin=R16-2
Added Pin To Net: NetName=GND Pin=R17-1
Added Pin To Net: NetName=BOOT0 Pin=R17-2
Added Pin To Net: NetName=GND Pin=R18-1
Added Pin To Net: NetName=BOOT1 Pin=R18-2
Added Pin To Net: NetName=3V3 Pin=R19-1
Added Pin To Net: NetName=PC9 Pin=R19-2
Added Pin To Net: NetName=NetD3_2 Pin=U4-6
Added Pin To Net: NetName=NetD2_2 Pin=U4-7
Added Pin To Net: NetName=NetD2_1 Pin=D2-1
Added Pin To Net: NetName=NetD2_1 Pin=R8-2
Added Net: Name=NetD2_1
Added Pin To Net: NetName=NetD3_1 Pin=D3-1
Added Pin To Net: NetName=NetD3_1 Pin=R10-2
Added Net: Name=NetD3_1
Added Pin To Net: NetName=NetJ1_3 Pin=J1-3
Added Pin To Net: NetName=NetJ1_3 Pin=U1-2
Added Net: Name=NetJ1_3
Added Pin To Net: NetName=NetJ1_4 Pin=J1-4
Added Pin To Net: NetName=NetJ1_4 Pin=U1-3
Added Net: Name=NetJ1_4
Added Pin To Net: NetName=NetJ9_27 Pin=J9-27
Added Pin To Net: NetName=NetJ9_27 Pin=R14-2
Added Net: Name=NetJ9_27
Added Pin To Net: NetName=NetJ9_28 Pin=J9-28
Added Pin To Net: NetName=NetJ9_28 Pin=R15-1
Added Net: Name=NetJ9_28
Added Pin To Net: NetName=NetQ2_1 Pin=Q2-1
Added Pin To Net: NetName=NetQ2_1 Pin=R7-2
Added Pin To Net: NetName=NetQ2_1 Pin=R11-2
Added Net: Name=NetQ2_1
Added Pin To Net: NetName=NetR9_1 Pin=R9-1
Added Pin To Net: NetName=NetR9_1 Pin=U4-2
Added Net: Name=NetR9_1
Added Pin To Net: NetName=VCC3.3 Pin=R1-2
Added Net: Name=VCC3.3
Added Room: Name=¥¥“‚ ±÷”
