Removed Pin From Net: NetName=5V Pin=C16-1
Removed Pin From Net: NetName=5V Pin=C18-2
Removed Pin From Net: NetName=5V Pin=D1-1
Removed Pin From Net: NetName=PA10 Pin=J1-1
Removed Pin From Net: NetName=PA9 Pin=J1-2
Removed Pin From Net: NetName=RESET Pin=K1-1
Removed Pin From Net: NetName=GND Pin=K1-2
Removed Pin From Net: NetName=3V3 Pin=K2-1
Removed Pin From Net: NetName=PA0 Pin=K2-2
Removed Pin From Net: NetName=PC6 Pin=K3-1
Removed Pin From Net: NetName=GND Pin=K3-2
Removed Pin From Net: NetName=PC7 Pin=K4-1
Removed Pin From Net: NetName=GND Pin=K4-2
Removed Pin From Net: NetName=PC8 Pin=K5-1
Removed Pin From Net: NetName=GND Pin=K5-2
Removed Pin From Net: NetName=PC9 Pin=K6-1
Removed Pin From Net: NetName=GND Pin=K6-2
Removed Pin From Net: NetName=RESET Pin=R1-1
Removed Pin From Net: NetName=OSC_OUT1 Pin=R2-1
Removed Pin From Net: NetName=OSC_IN1 Pin=R2-2
Removed Pin From Net: NetName=BATT Pin=R3-1
Removed Pin From Net: NetName=PA1 Pin=R3-2
Removed Pin From Net: NetName=PA1 Pin=R4-1
Removed Pin From Net: NetName=GND Pin=R4-2
Removed Pin From Net: NetName=NetD1_2 Pin=R5-1
Removed Pin From Net: NetName=GND Pin=R5-2
Removed Pin From Net: NetName=NetC12_1 Pin=R6-1
Removed Pin From Net: NetName=5V Pin=R6-2
Removed Pin From Net: NetName=PB0 Pin=R7-1
Removed Pin From Net: NetName=NetC12_1 Pin=R8-1
Removed Pin From Net: NetName=GND Pin=R9-2
Removed Pin From Net: NetName=NetC12_1 Pin=R10-1
Removed Pin From Net: NetName=GND Pin=R11-1
Removed Pin From Net: NetName=3V3 Pin=R12-1
Removed Pin From Net: NetName=PC6 Pin=R12-2
Removed Pin From Net: NetName=PC7 Pin=R13-2
Removed Pin From Net: NetName=BOOT0 Pin=R14-1
Removed Pin From Net: NetName=BOOT1 Pin=R15-2
Removed Pin From Net: NetName=3V3 Pin=R16-1
Removed Pin From Net: NetName=PC8 Pin=R16-2
Removed Pin From Net: NetName=GND Pin=R17-1
Removed Pin From Net: NetName=BOOT0 Pin=R17-2
Removed Pin From Net: NetName=GND Pin=R18-1
Removed Pin From Net: NetName=BOOT1 Pin=R18-2
Removed Pin From Net: NetName=3V3 Pin=R19-1
Removed Pin From Net: NetName=PC9 Pin=R19-2
Removed Pin From Net: NetName=5V Pin=U3-3
Removed Pin From Net: NetName=NetD3_2 Pin=U4-6
Removed Pin From Net: NetName=NetD2_2 Pin=U4-7
Added Pin To Net: NetName=BATT Pin=C16-1
Added Pin To Net: NetName=BATT Pin=C18-2
Added Pin To Net: NetName=NetD1_2 Pin=R5-2
Added Pin To Net: NetName=NetD2_2 Pin=R7-2
Added Pin To Net: NetName=NetD2_2 Pin=R8-2
Added Pin To Net: NetName=NetD3_2 Pin=R10-2
Added Pin To Net: NetName=BATT Pin=U3-3
Added Pin To Net: NetName=NetK3_2 Pin=K3-2
Added Pin To Net: NetName=NetK3_2 Pin=R12-2
Added Net: Name=NetK3_2
Added Pin To Net: NetName=NetK4_2 Pin=K4-2
Added Pin To Net: NetName=NetK4_2 Pin=R13-2
Added Net: Name=NetK4_2
Added Pin To Net: NetName=NetK5_2 Pin=K5-2
Added Pin To Net: NetName=NetK5_2 Pin=R16-2
Added Net: Name=NetK5_2
Added Pin To Net: NetName=NetK6_2 Pin=K6-2
Added Pin To Net: NetName=NetK6_2 Pin=R19-2
Added Net: Name=NetK6_2
Added Pin To Net: NetName=NetR3_2 Pin=R3-2
Added Pin To Net: NetName=NetR3_2 Pin=R4-2
Added Net: Name=NetR3_2
Added Pin To Net: NetName=NetR14_2 Pin=R14-2
Added Pin To Net: NetName=NetR14_2 Pin=R15-2
Added Net: Name=NetR14_2
Added Pin To Net: NetName=NetR17_1 Pin=R17-1
Added Pin To Net: NetName=NetR17_1 Pin=R18-1
Added Net: Name=NetR17_1
Added Pin To Net: NetName=NetR17_2 Pin=R17-2
Added Pin To Net: NetName=NetR17_2 Pin=R18-2
Added Net: Name=NetR17_2
Added Room: Name=¥¥“‚ ±÷”
