Added Component: Designator=B?(BEEP-9.5X5.5)
Added Component: Designator=BT?(BATERY)
Added Component: Designator=C?(CAP_0603_FIRE)
Added Component: Designator=C?(CAP_0603_FIRE)
Added Component: Designator=C?(CAP_0603_FIRE)
Added Component: Designator=C?(CAP_0603_FIRE)
Added Component: Designator=C?(CAP_0603_FIRE)
Added Component: Designator=C?(RES_0603_FIRE)
Added Component: Designator=C?(CAP+_47UF_FIRE)
Added Component: Designator=C?(RES_0603_FIRE)
Added Component: Designator=C?(CAP+_47UF_FIRE)
Added Component: Designator=C?(RES_0603_FIRE)
Added Component: Designator=C?(RES_0603_FIRE)
Added Component: Designator=C?(RES_0603_FIRE)
Added Component: Designator=C?(RES_0603_FIRE)
Added Component: Designator=C?(CAP_0603_FIRE)
Added Component: Designator=C?(CAP_0603_FIRE)
Added Component: Designator=C?(CAP_0603_FIRE)
Added Component: Designator=C?(CAP_0603_FIRE)
Added Component: Designator=C?(CAP_0603_FIRE)
Added Component: Designator=C?(RES_0603_FIRE)
Added Component: Designator=C?(RES_0603_FIRE)
Added Component: Designator=C?(RES_0603_FIRE)
Added Component: Designator=C?(CAP_0603_FIRE)
Added Component: Designator=C?(CAP_0603_FIRE)
Added Component: Designator=D?(0603_R_JX)
Added Component: Designator=D?(0603_R_JX)
Added Component: Designator=D?(0603_R_JX)
Added Component: Designator=J?(IO)
Added Component: Designator=J?(mode)
Added Component: Designator=J?(IO)
Added Component: Designator=J?(XH_2501R_2P_LOCKED_JX)
Added Component: Designator=J?(SPI_IO)
Added Component: Designator=J?(OLED)
Added Component: Designator=J?(SWD)
Added Component: Designator=J?(USB_MINI_B_FE_JX)
Added Component: Designator=J？(DS18B20)
Added Component: Designator=K?(KEY)
Added Component: Designator=K?(KEY)
Added Component: Designator=K?(KEY)
Added Component: Designator=K?(KEY)
Added Component: Designator=K?(KEY)
Added Component: Designator=K?(KEY)
Added Component: Designator=Q?(SOT-23)
Added Component: Designator=Q?(SOT-23)
Added Component: Designator=R?(RES_0603_FIRE)
Added Component: Designator=R?(RES_0603_FIRE)
Added Component: Designator=R?(RES_0603_FIRE)
Added Component: Designator=R?(RES_0603_FIRE)
Added Component: Designator=R?(RES_0603_FIRE)
Added Component: Designator=R?(RES_0603_FIRE)
Added Component: Designator=R?(RES_0603_FIRE)
Added Component: Designator=R?(RES_0603_FIRE)
Added Component: Designator=R?(RES_0603_FIRE)
Added Component: Designator=R?(RES_0603_FIRE)
Added Component: Designator=R?(RES_0603_FIRE)
Added Component: Designator=R?(RES_0603_FIRE)
Added Component: Designator=R?(RES_0603_FIRE)
Added Component: Designator=R?(RES_0603_FIRE)
Added Component: Designator=R?(RES_0603_FIRE)
Added Component: Designator=R?(RES_0603_FIRE)
Added Component: Designator=R?(RES_0603_FIRE)
Added Component: Designator=R?(RES_0603_FIRE)
Added Component: Designator=R?(RES_0603_FIRE)
Added Component: Designator=S?(SWITCH)
Added Component: Designator=U?(AMS-1117-3.3)
Added Component: Designator=U?(SOP8_150MIL_JX)
Added Component: Designator=U?(SOP16)
Added Component: Designator=U?(LQFP64)
Added Component: Designator=Y?(CRYS-3X8)
Added Component: Designator=Y?(XTAL_socket)
Added Component: Designator=Y?(XTAL_socket)
Added Pin To Net: NetName=3V3 Pin=B?-1
Added Pin To Net: NetName=3V3 Pin=C?-1
Added Pin To Net: NetName=3V3 Pin=C?-1
Added Pin To Net: NetName=3V3 Pin=C?-1
Added Pin To Net: NetName=3V3 Pin=C?-2
Added Pin To Net: NetName=3V3 Pin=C?-2
Added Pin To Net: NetName=3V3 Pin=C?-2
Added Pin To Net: NetName=3V3 Pin=C?-2
Added Pin To Net: NetName=3V3 Pin=J?-1
Added Pin To Net: NetName=3V3 Pin=J?-1
Added Pin To Net: NetName=3V3 Pin=J?-1
Added Pin To Net: NetName=3V3 Pin=J?-4
Added Pin To Net: NetName=3V3 Pin=J？-1
Added Pin To Net: NetName=3V3 Pin=J？-3
Added Pin To Net: NetName=3V3 Pin=K?-1
Added Pin To Net: NetName=3V3 Pin=Q?-1
Added Pin To Net: NetName=3V3 Pin=R?-1
Added Pin To Net: NetName=3V3 Pin=R?-1
Added Pin To Net: NetName=3V3 Pin=R?-1
Added Pin To Net: NetName=3V3 Pin=R?-1
Added Pin To Net: NetName=3V3 Pin=U?-2
Added Pin To Net: NetName=3V3 Pin=U?-13
Added Pin To Net: NetName=3V3 Pin=U?-19
Added Pin To Net: NetName=3V3 Pin=U?-32
Added Pin To Net: NetName=3V3 Pin=U?-48
Added Pin To Net: NetName=3V3 Pin=U?-64
Added Net: Name=3V3
Added Pin To Net: NetName=5V Pin=C?-1
Added Pin To Net: NetName=5V Pin=C?-1
Added Pin To Net: NetName=5V Pin=C?-2
Added Pin To Net: NetName=5V Pin=D?-1
Added Pin To Net: NetName=5V Pin=R?-2
Added Pin To Net: NetName=5V Pin=S?-2
Added Pin To Net: NetName=5V Pin=U?-3
Added Pin To Net: NetName=5V Pin=U?-16
Added Net: Name=5V
Added Pin To Net: NetName=BATT Pin=C?-1
Added Pin To Net: NetName=BATT Pin=C?-1
Added Pin To Net: NetName=BATT Pin=J?-1
Added Pin To Net: NetName=BATT Pin=R?-2
Added Pin To Net: NetName=BATT Pin=U?-5
Added Net: Name=BATT
Added Pin To Net: NetName=BOOT0 Pin=R?-1
Added Pin To Net: NetName=BOOT0 Pin=R?-2
Added Pin To Net: NetName=BOOT0 Pin=U?-60
Added Net: Name=BOOT0
Added Pin To Net: NetName=BOOT1 Pin=R?-2
Added Pin To Net: NetName=BOOT1 Pin=R?-2
Added Pin To Net: NetName=BOOT1 Pin=U?-28
Added Net: Name=BOOT1
Added Pin To Net: NetName=GND Pin=BT?-2
Added Pin To Net: NetName=GND Pin=C?-1
Added Pin To Net: NetName=GND Pin=C?-1
Added Pin To Net: NetName=GND Pin=C?-1
Added Pin To Net: NetName=GND Pin=C?-1
Added Pin To Net: NetName=GND Pin=C?-1
Added Pin To Net: NetName=GND Pin=C?-1
Added Pin To Net: NetName=GND Pin=C?-1
Added Pin To Net: NetName=GND Pin=C?-1
Added Pin To Net: NetName=GND Pin=C?-1
Added Pin To Net: NetName=GND Pin=C?-1
Added Pin To Net: NetName=GND Pin=C?-2
Added Pin To Net: NetName=GND Pin=C?-2
Added Pin To Net: NetName=GND Pin=C?-2
Added Pin To Net: NetName=GND Pin=C?-2
Added Pin To Net: NetName=GND Pin=C?-2
Added Pin To Net: NetName=GND Pin=C?-2
Added Pin To Net: NetName=GND Pin=C?-2
Added Pin To Net: NetName=GND Pin=C?-2
Added Pin To Net: NetName=GND Pin=C?-2
Added Pin To Net: NetName=GND Pin=J?-1
Added Pin To Net: NetName=GND Pin=J?-2
Added Pin To Net: NetName=GND Pin=J?-2
Added Pin To Net: NetName=GND Pin=J?-2
Added Pin To Net: NetName=GND Pin=J?-3
Added Pin To Net: NetName=GND Pin=J?-5
Added Pin To Net: NetName=GND Pin=J?-5
Added Pin To Net: NetName=GND Pin=J?-5
Added Pin To Net: NetName=GND Pin=J?-5
Added Pin To Net: NetName=GND Pin=J?-5
Added Pin To Net: NetName=GND Pin=J?-5
Added Pin To Net: NetName=GND Pin=J?-5
Added Pin To Net: NetName=GND Pin=J?-5
Added Pin To Net: NetName=GND Pin=J?-5
Added Pin To Net: NetName=GND Pin=J?-5
Added Pin To Net: NetName=GND Pin=J？-1
Added Pin To Net: NetName=GND Pin=K?-2
Added Pin To Net: NetName=GND Pin=K?-2
Added Pin To Net: NetName=GND Pin=K?-2
Added Pin To Net: NetName=GND Pin=K?-2
Added Pin To Net: NetName=GND Pin=K?-2
Added Pin To Net: NetName=GND Pin=Q?-2
Added Pin To Net: NetName=GND Pin=R?-1
Added Pin To Net: NetName=GND Pin=R?-1
Added Pin To Net: NetName=GND Pin=R?-1
Added Pin To Net: NetName=GND Pin=R?-1
Added Pin To Net: NetName=GND Pin=R?-2
Added Pin To Net: NetName=GND Pin=R?-2
Added Pin To Net: NetName=GND Pin=U?-1
Added Pin To Net: NetName=GND Pin=U?-1
Added Pin To Net: NetName=GND Pin=U?-1
Added Pin To Net: NetName=GND Pin=U?-3
Added Pin To Net: NetName=GND Pin=U?-12
Added Pin To Net: NetName=GND Pin=U?-18
Added Pin To Net: NetName=GND Pin=U?-31
Added Pin To Net: NetName=GND Pin=U?-47
Added Pin To Net: NetName=GND Pin=U?-63
Added Net: Name=GND
Added Pin To Net: NetName=NetB?_2 Pin=B?-2
Added Pin To Net: NetName=NetB?_2 Pin=Q?-3
Added Net: Name=NetB?_2
Added Pin To Net: NetName=NetBT?_1 Pin=BT?-1
Added Pin To Net: NetName=NetBT?_1 Pin=Q?-2
Added Net: Name=NetBT?_1
Added Pin To Net: NetName=NetC?_1 Pin=C?-1
Added Pin To Net: NetName=NetC?_1 Pin=C?-1
Added Pin To Net: NetName=NetC?_1 Pin=R?-1
Added Pin To Net: NetName=NetC?_1 Pin=R?-1
Added Pin To Net: NetName=NetC?_1 Pin=R?-1
Added Pin To Net: NetName=NetC?_1 Pin=U?-4
Added Pin To Net: NetName=NetC?_1 Pin=U?-8
Added Net: Name=NetC?_1
Added Pin To Net: NetName=NetC?_2 Pin=C?-2
Added Pin To Net: NetName=NetC?_2 Pin=U?-8
Added Pin To Net: NetName=NetC?_2 Pin=Y?-1
Added Net: Name=NetC?_2
Added Pin To Net: NetName=NetD?_1 Pin=D?-1
Added Pin To Net: NetName=NetD?_1 Pin=R?-2
Added Net: Name=NetD?_1
Added Pin To Net: NetName=NetD?_2 Pin=D?-2
Added Pin To Net: NetName=NetD?_2 Pin=U?-6
Added Net: Name=NetD?_2
Added Pin To Net: NetName=NetJ?_2 Pin=J?-2
Added Pin To Net: NetName=NetJ?_2 Pin=U?-6
Added Net: Name=NetJ?_2
Added Pin To Net: NetName=NetJ?_3 Pin=J?-3
Added Pin To Net: NetName=NetJ?_3 Pin=U?-5
Added Net: Name=NetJ?_3
Added Pin To Net: NetName=NetJ?_4 Pin=J?-4
Added Pin To Net: NetName=NetJ?_4 Pin=U?-3
Added Net: Name=NetJ?_4
Added Pin To Net: NetName=NetJ?_27 Pin=R?-2
Added Net: Name=NetJ?_27
Added Pin To Net: NetName=NetJ?_28 Pin=R?-1
Added Net: Name=NetJ?_28
Added Pin To Net: NetName=NetQ?_1 Pin=Q?-1
Added Pin To Net: NetName=NetQ?_1 Pin=R?-1
Added Pin To Net: NetName=NetQ?_1 Pin=R?-1
Added Net: Name=NetQ?_1
Added Pin To Net: NetName=NetR?_1 Pin=R?-1
Added Pin To Net: NetName=NetR?_1 Pin=U?-2
Added Net: Name=NetR?_1
Added Pin To Net: NetName=OSC_IN1 Pin=C?-2
Added Pin To Net: NetName=OSC_IN1 Pin=R?-2
Added Pin To Net: NetName=OSC_IN1 Pin=U?-3
Added Pin To Net: NetName=OSC_IN1 Pin=Y?-2
Added Net: Name=OSC_IN1
Added Pin To Net: NetName=OSC_IN2 Pin=C?-2
Added Pin To Net: NetName=OSC_IN2 Pin=U?-5
Added Pin To Net: NetName=OSC_IN2 Pin=Y?-2
Added Net: Name=OSC_IN2
Added Pin To Net: NetName=OSC_OUT1 Pin=C?-2
Added Pin To Net: NetName=OSC_OUT1 Pin=R?-1
Added Pin To Net: NetName=OSC_OUT1 Pin=U?-4
Added Pin To Net: NetName=OSC_OUT1 Pin=Y?-1
Added Net: Name=OSC_OUT1
Added Pin To Net: NetName=OSC_OUT2 Pin=C?-2
Added Pin To Net: NetName=OSC_OUT2 Pin=U?-6
Added Pin To Net: NetName=OSC_OUT2 Pin=Y?-1
Added Net: Name=OSC_OUT2
Added Pin To Net: NetName=PA0 Pin=K?-2
Added Pin To Net: NetName=PA0 Pin=U?-14
Added Net: Name=PA0
Added Pin To Net: NetName=PA1 Pin=R?-1
Added Pin To Net: NetName=PA1 Pin=R?-2
Added Pin To Net: NetName=PA1 Pin=U?-15
Added Net: Name=PA1
Added Pin To Net: NetName=PA2 Pin=J？-3
Added Pin To Net: NetName=PA2 Pin=U?-16
Added Net: Name=PA2
Added Pin To Net: NetName=PA3 Pin=J？-2
Added Pin To Net: NetName=PA3 Pin=U?-17
Added Net: Name=PA3
Added Pin To Net: NetName=PA4 Pin=U?-20
Added Net: Name=PA4
Added Pin To Net: NetName=PA5 Pin=U?-21
Added Net: Name=PA5
Added Pin To Net: NetName=PA6 Pin=U?-22
Added Net: Name=PA6
Added Pin To Net: NetName=PA7 Pin=U?-23
Added Net: Name=PA7
Added Pin To Net: NetName=PA8 Pin=U?-41
Added Net: Name=PA8
Added Pin To Net: NetName=PA9 Pin=J?-2
Added Pin To Net: NetName=PA9 Pin=U?-42
Added Net: Name=PA9
Added Pin To Net: NetName=PA10 Pin=J?-1
Added Pin To Net: NetName=PA10 Pin=U?-43
Added Net: Name=PA10
Added Pin To Net: NetName=PA11 Pin=U?-44
Added Net: Name=PA11
Added Pin To Net: NetName=PA12 Pin=U?-45
Added Net: Name=PA12
Added Pin To Net: NetName=PA13 Pin=J?-3
Added Pin To Net: NetName=PA13 Pin=U?-46
Added Net: Name=PA13
Added Pin To Net: NetName=PA14 Pin=J?-2
Added Pin To Net: NetName=PA14 Pin=U?-49
Added Net: Name=PA14
Added Pin To Net: NetName=PA15 Pin=U?-50
Added Net: Name=PA15
Added Pin To Net: NetName=PB0 Pin=R?-2
Added Pin To Net: NetName=PB0 Pin=U?-26
Added Net: Name=PB0
Added Pin To Net: NetName=PB1 Pin=U?-27
Added Net: Name=PB1
Added Pin To Net: NetName=PB3 Pin=U?-55
Added Net: Name=PB3
Added Pin To Net: NetName=PB4 Pin=U?-56
Added Net: Name=PB4
Added Pin To Net: NetName=PB5 Pin=U?-57
Added Net: Name=PB5
Added Pin To Net: NetName=PB6 Pin=J?-3
Added Pin To Net: NetName=PB6 Pin=U?-58
Added Net: Name=PB6
Added Pin To Net: NetName=PB7 Pin=J?-4
Added Pin To Net: NetName=PB7 Pin=U?-59
Added Net: Name=PB7
Added Pin To Net: NetName=PB8 Pin=U?-61
Added Net: Name=PB8
Added Pin To Net: NetName=PB9 Pin=U?-62
Added Net: Name=PB9
Added Pin To Net: NetName=PB10 Pin=U?-29
Added Net: Name=PB10
Added Pin To Net: NetName=PB11 Pin=U?-30
Added Net: Name=PB11
Added Pin To Net: NetName=PB12 Pin=J?-1
Added Pin To Net: NetName=PB12 Pin=J?-3
Added Pin To Net: NetName=PB12 Pin=U?-33
Added Net: Name=PB12
Added Pin To Net: NetName=PB13 Pin=J?-2
Added Pin To Net: NetName=PB13 Pin=J?-4
Added Pin To Net: NetName=PB13 Pin=U?-34
Added Net: Name=PB13
Added Pin To Net: NetName=PB14 Pin=J?-3
Added Pin To Net: NetName=PB14 Pin=J?-5
Added Pin To Net: NetName=PB14 Pin=J?-5
Added Pin To Net: NetName=PB14 Pin=J?-5
Added Pin To Net: NetName=PB14 Pin=J?-5
Added Pin To Net: NetName=PB14 Pin=J?-5
Added Pin To Net: NetName=PB14 Pin=U?-35
Added Net: Name=PB14
Added Pin To Net: NetName=PB15 Pin=J?-4
Added Pin To Net: NetName=PB15 Pin=U?-36
Added Net: Name=PB15
Added Pin To Net: NetName=PC0 Pin=U?-8
Added Net: Name=PC0
Added Pin To Net: NetName=PC1 Pin=U?-9
Added Net: Name=PC1
Added Pin To Net: NetName=PC2 Pin=U?-10
Added Net: Name=PC2
Added Pin To Net: NetName=PC3 Pin=U?-11
Added Net: Name=PC3
Added Pin To Net: NetName=PC4 Pin=U?-24
Added Net: Name=PC4
Added Pin To Net: NetName=PC5 Pin=U?-25
Added Net: Name=PC5
Added Pin To Net: NetName=PC6 Pin=J?-5
Added Pin To Net: NetName=PC6 Pin=J?-5
Added Pin To Net: NetName=PC6 Pin=J?-5
Added Pin To Net: NetName=PC6 Pin=J?-5
Added Pin To Net: NetName=PC6 Pin=J?-5
Added Pin To Net: NetName=PC6 Pin=K?-1
Added Pin To Net: NetName=PC6 Pin=R?-2
Added Pin To Net: NetName=PC6 Pin=U?-37
Added Net: Name=PC6
Added Pin To Net: NetName=PC7 Pin=K?-1
Added Pin To Net: NetName=PC7 Pin=R?-2
Added Pin To Net: NetName=PC7 Pin=U?-38
Added Net: Name=PC7
Added Pin To Net: NetName=PC8 Pin=K?-1
Added Pin To Net: NetName=PC8 Pin=R?-2
Added Pin To Net: NetName=PC8 Pin=U?-39
Added Net: Name=PC8
Added Pin To Net: NetName=PC9 Pin=K?-1
Added Pin To Net: NetName=PC9 Pin=R?-2
Added Pin To Net: NetName=PC9 Pin=U?-40
Added Net: Name=PC9
Added Pin To Net: NetName=PC10 Pin=J？-2
Added Pin To Net: NetName=PC10 Pin=U?-51
Added Net: Name=PC10
Added Pin To Net: NetName=PC11 Pin=U?-52
Added Net: Name=PC11
Added Pin To Net: NetName=PC12 Pin=U?-53
Added Net: Name=PC12
Added Pin To Net: NetName=PC13 Pin=U?-2
Added Net: Name=PC13
Added Pin To Net: NetName=PC14 Pin=J?-4
Added Net: Name=PC14
Added Pin To Net: NetName=PC15 Pin=J?-2
Added Net: Name=PC15
Added Pin To Net: NetName=PD2 Pin=U?-54
Added Net: Name=PD2
Added Pin To Net: NetName=POWER Pin=J?-1
Added Pin To Net: NetName=POWER Pin=S?-1
Added Net: Name=POWER
Added Pin To Net: NetName=RESET Pin=C?-1
Added Pin To Net: NetName=RESET Pin=K?-1
Added Pin To Net: NetName=RESET Pin=R?-1
Added Pin To Net: NetName=RESET Pin=U?-7
Added Net: Name=RESET
Added Pin To Net: NetName=VBAT Pin=C?-2
Added Pin To Net: NetName=VBAT Pin=Q?-3
Added Pin To Net: NetName=VBAT Pin=U?-1
Added Net: Name=VBAT
Added Pin To Net: NetName=VCC3.3 Pin=R?-2
Added Net: Name=VCC3.3
Added Class: Name=创意时钟
Added Room: Name=创意时钟
